<?xml version="1.0" encoding="UTF-8"?>
<!-- Generated by org.testng.reporters.JUnitReportReporter -->
<testsuite hostname="LAPTOP-GOO9KKOU" failures="0" tests="1" name="com.homepage.test.Alltabsdemotest" time="37.682" errors="0" timestamp="2023-03-16T18:33:45 IST" skipped="0">
  <testcase classname="com.homepage.test.Alltabsdemotest" name="displaydemo" time="37.682"/>
  <system-out/>
</testsuite> <!-- com.homepage.test.Alltabsdemotest -->
