<?xml version="1.0" encoding="UTF-8"?>
<!-- Generated by org.testng.reporters.JUnitReportReporter -->
<testsuite hostname="LAPTOP-GOO9KKOU" failures="0" tests="1" name="com.homepage.test.AppTest" time="12.417" errors="0" timestamp="2023-03-16T18:29:05 IST" skipped="0">
  <testcase classname="com.homepage.test.AppTest" name="show" time="12.417"/>
  <system-out/>
</testsuite> <!-- com.homepage.test.AppTest -->
