<?xml version="1.0" encoding="UTF-8"?>
<!-- Generated by org.testng.reporters.JUnitReportReporter -->
<testsuite hostname="LAPTOP-GOO9KKOU" failures="0" tests="1" name="com.homepage.test.productsearch" time="23.992" errors="0" timestamp="2023-03-16T18:24:25 IST" skipped="0">
  <testcase classname="com.homepage.test.productsearch" name="search" time="23.992"/>
  <system-out/>
</testsuite> <!-- com.homepage.test.productsearch -->
